<?xml version="1.0" encoding="UTF-8"?>
<testsuite name="BullsCowsTest" tests="1" skipped="0" failures="1" errors="0" timestamp="2023-02-13T02:23:18" hostname="PC-EXODUS" time="1.251">
  <properties/>
  <testcase name="start" classname="BullsCowsTest" time="1.251">
    <failure message="java.lang.AssertionError: Wrong answer in test #4&#10;&#10;An error message expected with input &quot;11&quot;&#10;&#10;Please find below the output of your program during this failed test.&#10;Note that the '&gt;' character indicates the beginning of the input line.&#10;&#10;---&#10;&#10;Please, enter the secret code's length:&#10;&gt; 11&#10;Okay, let's start a game!&#10;Turn 1:" type="java.lang.AssertionError">java.lang.AssertionError: Wrong answer in test #4

An error message expected with input &quot;11&quot;

Please find below the output of your program during this failed test.
Note that the '&gt;' character indicates the beginning of the input line.

---

Please, enter the secret code's length:
&gt; 11
Okay, let's start a game!
Turn 1:
	at org.junit.Assert.fail(Assert.java:89)
	at org.hyperskill.hstest.stage.StageTest.start(StageTest.java:203)
	at java.base/jdk.internal.reflect.NativeMethodAccessorImpl.invoke0(Native Method)
	at java.base/jdk.internal.reflect.NativeMethodAccessorImpl.invoke(NativeMethodAccessorImpl.java:77)
	at java.base/jdk.internal.reflect.DelegatingMethodAccessorImpl.invoke(DelegatingMethodAccessorImpl.java:43)
	at java.base/java.lang.reflect.Method.invoke(Method.java:568)
	at org.junit.runners.model.FrameworkMethod$1.runReflectiveCall(FrameworkMethod.java:59)
	at org.junit.internal.runners.model.ReflectiveCallable.run(ReflectiveCallable.java:12)
	at org.junit.runners.model.FrameworkMethod.invokeExplosively(FrameworkMethod.java:56)
	at org.junit.internal.runners.statements.InvokeMethod.evaluate(InvokeMethod.java:17)
	at org.junit.runners.ParentRunner$3.evaluate(ParentRunner.java:306)
	at org.junit.runners.BlockJUnit4ClassRunner$1.evaluate(BlockJUnit4ClassRunner.java:100)
	at org.junit.runners.ParentRunner.runLeaf(ParentRunner.java:366)
	at org.junit.runners.BlockJUnit4ClassRunner.runChild(BlockJUnit4ClassRunner.java:103)
	at org.junit.runners.BlockJUnit4ClassRunner.runChild(BlockJUnit4ClassRunner.java:63)
	at org.junit.runners.ParentRunner$4.run(ParentRunner.java:331)
	at org.junit.runners.ParentRunner$1.schedule(ParentRunner.java:79)
	at org.junit.runners.ParentRunner.runChildren(ParentRunner.java:329)
	at org.junit.runners.ParentRunner.access$100(ParentRunner.java:66)
	at org.junit.runners.ParentRunner$2.evaluate(ParentRunner.java:293)
	at org.junit.runners.ParentRunner$3.evaluate(ParentRunner.java:306)
	at org.junit.runners.ParentRunner.run(ParentRunner.java:413)
	at org.gradle.api.internal.tasks.testing.junit.JUnitTestClassExecutor.runTestClass(JUnitTestClassExecutor.java:110)
	at org.gradle.api.internal.tasks.testing.junit.JUnitTestClassExecutor.execute(JUnitTestClassExecutor.java:58)
	at org.gradle.api.internal.tasks.testing.junit.JUnitTestClassExecutor.execute(JUnitTestClassExecutor.java:38)
	at org.gradle.api.internal.tasks.testing.junit.AbstractJUnitTestClassProcessor.processTestClass(AbstractJUnitTestClassProcessor.java:62)
	at org.gradle.api.internal.tasks.testing.SuiteTestClassProcessor.processTestClass(SuiteTestClassProcessor.java:51)
	at java.base/jdk.internal.reflect.NativeMethodAccessorImpl.invoke0(Native Method)
	at java.base/jdk.internal.reflect.NativeMethodAccessorImpl.invoke(NativeMethodAccessorImpl.java:77)
	at java.base/jdk.internal.reflect.DelegatingMethodAccessorImpl.invoke(DelegatingMethodAccessorImpl.java:43)
	at java.base/java.lang.reflect.Method.invoke(Method.java:568)
	at org.gradle.internal.dispatch.ReflectionDispatch.dispatch(ReflectionDispatch.java:36)
	at org.gradle.internal.dispatch.ReflectionDispatch.dispatch(ReflectionDispatch.java:24)
	at org.gradle.internal.dispatch.ContextClassLoaderDispatch.dispatch(ContextClassLoaderDispatch.java:33)
	at org.gradle.internal.dispatch.ProxyDispatchAdapter$DispatchingInvocationHandler.invoke(ProxyDispatchAdapter.java:94)
	at jdk.proxy1/jdk.proxy1.$Proxy2.processTestClass(Unknown Source)
	at org.gradle.api.internal.tasks.testing.worker.TestWorker$2.run(TestWorker.java:176)
	at org.gradle.api.internal.tasks.testing.worker.TestWorker.executeAndMaintainThreadName(TestWorker.java:129)
	at org.gradle.api.internal.tasks.testing.worker.TestWorker.execute(TestWorker.java:100)
	at org.gradle.api.internal.tasks.testing.worker.TestWorker.execute(TestWorker.java:60)
	at org.gradle.process.internal.worker.child.ActionExecutionWorker.execute(ActionExecutionWorker.java:56)
	at org.gradle.process.internal.worker.child.SystemApplicationClassLoaderWorker.call(SystemApplicationClassLoaderWorker.java:133)
	at org.gradle.process.internal.worker.child.SystemApplicationClassLoaderWorker.call(SystemApplicationClassLoaderWorker.java:71)
	at worker.org.gradle.process.internal.worker.GradleWorkerMain.run(GradleWorkerMain.java:69)
	at worker.org.gradle.process.internal.worker.GradleWorkerMain.main(GradleWorkerMain.java:74)
</failure>
  </testcase>
  <system-out><![CDATA[?[1;31m
Start test 1?[0m
Please, enter the secret code's length:
> 1
Okay, let's start a game!
Turn 1:
> 0
Grade: 0 bulls and 0 cows. The secret code is 3.
Turn 2:
> 1
Grade: 0 bulls and 0 cows. The secret code is 3.
Turn 3:
> 2
Grade: 0 bulls and 0 cows. The secret code is 3.
Turn 4:
> 3
Grade: 1 bull and 0 cows. The secret code is 3.
Congratulations! You guessed the secret code.
?[1;31m
Start test 2?[0m
Please, enter the secret code's length:
> 4
Okay, let's start a game!
Turn 1:
> 0000
Grade: 0 bulls and 0 cows. The secret code is 2748.
Turn 2:
> 1111
Grade: 0 bulls and 0 cows. The secret code is 2748.
Turn 3:
> 2222
Grade: 1 bull and 3 cows. The secret code is 2748.
Turn 4:
> 3333
Grade: 0 bulls and 0 cows. The secret code is 2748.
Turn 5:
> 4444
Grade: 1 bull and 3 cows. The secret code is 2748.
Turn 6:
> 5555
Grade: 0 bulls and 0 cows. The secret code is 2748.
Turn 7:
> 6666
Grade: 0 bulls and 0 cows. The secret code is 2748.
Turn 8:
> 7777
Grade: 1 bull and 3 cows. The secret code is 2748.
Turn 9:
> 8888
Grade: 1 bull and 3 cows. The secret code is 2748.
Turn 10:
> 2478
Grade: 2 bulls and 2 cows. The secret code is 2748.
Turn 11:
> 4278
Grade: 1 bull and 3 cows. The secret code is 2748.
Turn 12:
> 7248
Grade: 2 bulls and 2 cows. The secret code is 2748.
Turn 13:
> 2748
Grade: 4 bulls and 0 cows. The secret code is 2748.
Congratulations! You guessed the secret code.
?[1;31m
Start test 3?[0m
Please, enter the secret code's length:
> 6
Okay, let's start a game!
Turn 1:
> 000000
Grade: 1 bull and 5 cows. The secret code is 359107.
Turn 2:
> 111111
Grade: 1 bull and 5 cows. The secret code is 359107.
Turn 3:
> 222222
Grade: 0 bulls and 0 cows. The secret code is 359107.
Turn 4:
> 333333
Grade: 1 bull and 5 cows. The secret code is 359107.
Turn 5:
> 444444
Grade: 0 bulls and 0 cows. The secret code is 359107.
Turn 6:
> 555555
Grade: 1 bull and 5 cows. The secret code is 359107.
Turn 7:
> 666666
Grade: 0 bulls and 0 cows. The secret code is 359107.
Turn 8:
> 777777
Grade: 1 bull and 5 cows. The secret code is 359107.
Turn 9:
> 888888
Grade: 0 bulls and 0 cows. The secret code is 359107.
Turn 10:
> 999999
Grade: 1 bull and 5 cows. The secret code is 359107.
Turn 11:
> 013579
Grade: 0 bulls and 6 cows. The secret code is 359107.
Turn 12:
> 103579
Grade: 0 bulls and 6 cows. The secret code is 359107.
Turn 13:
> 301579
Grade: 1 bull and 5 cows. The secret code is 359107.
Turn 14:
> 031579
Grade: 0 bulls and 6 cows. The secret code is 359107.
Turn 15:
> 130579
Grade: 0 bulls and 6 cows. The secret code is 359107.
Turn 16:
> 310579
Grade: 1 bull and 5 cows. The secret code is 359107.
Turn 17:
> 510379
Grade: 0 bulls and 6 cows. The secret code is 359107.
Turn 18:
> 150379
Grade: 1 bull and 5 cows. The secret code is 359107.
Turn 19:
> 051379
Grade: 1 bull and 5 cows. The secret code is 359107.
Turn 20:
> 501379
Grade: 0 bulls and 6 cows. The secret code is 359107.
Turn 21:
> 105379
Grade: 0 bulls and 6 cows. The secret code is 359107.
Turn 22:
> 015379
Grade: 0 bulls and 6 cows. The secret code is 359107.
Turn 23:
> 035179
Grade: 1 bull and 5 cows. The secret code is 359107.
Turn 24:
> 305179
Grade: 2 bulls and 4 cows. The secret code is 359107.
Turn 25:
> 503179
Grade: 1 bull and 5 cows. The secret code is 359107.
Turn 26:
> 053179
Grade: 2 bulls and 4 cows. The secret code is 359107.
Turn 27:
> 350179
Grade: 3 bulls and 3 cows. The secret code is 359107.
Turn 28:
> 530179
Grade: 1 bull and 5 cows. The secret code is 359107.
Turn 29:
> 531079
Grade: 0 bulls and 6 cows. The secret code is 359107.
Turn 30:
> 351079
Grade: 2 bulls and 4 cows. The secret code is 359107.
Turn 31:
> 153079
Grade: 1 bull and 5 cows. The secret code is 359107.
Turn 32:
> 513079
Grade: 0 bulls and 6 cows. The secret code is 359107.
Turn 33:
> 315079
Grade: 1 bull and 5 cows. The secret code is 359107.
Turn 34:
> 135079
Grade: 0 bulls and 6 cows. The secret code is 359107.
Turn 35:
> 735019
Grade: 0 bulls and 6 cows. The secret code is 359107.
Turn 36:
> 375019
Grade: 1 bull and 5 cows. The secret code is 359107.
Turn 37:
> 573019
Grade: 0 bulls and 6 cows. The secret code is 359107.
Turn 38:
> 753019
Grade: 1 bull and 5 cows. The secret code is 359107.
Turn 39:
> 357019
Grade: 2 bulls and 4 cows. The secret code is 359107.
Turn 40:
> 537019
Grade: 0 bulls and 6 cows. The secret code is 359107.
Turn 41:
> 037519
Grade: 0 bulls and 6 cows. The secret code is 359107.
Turn 42:
> 307519
Grade: 1 bull and 5 cows. The secret code is 359107.
Turn 43:
> 703519
Grade: 0 bulls and 6 cows. The secret code is 359107.
Turn 44:
> 073519
Grade: 0 bulls and 6 cows. The secret code is 359107.
Turn 45:
> 370519
Grade: 1 bull and 5 cows. The secret code is 359107.
Turn 46:
> 730519
Grade: 0 bulls and 6 cows. The secret code is 359107.
Turn 47:
> 750319
Grade: 1 bull and 5 cows. The secret code is 359107.
Turn 48:
> 570319
Grade: 0 bulls and 6 cows. The secret code is 359107.
Turn 49:
> 075319
Grade: 0 bulls and 6 cows. The secret code is 359107.
Turn 50:
> 705319
Grade: 0 bulls and 6 cows. The secret code is 359107.
Turn 51:
> 507319
Grade: 0 bulls and 6 cows. The secret code is 359107.
Turn 52:
> 057319
Grade: 1 bull and 5 cows. The secret code is 359107.
Turn 53:
> 053719
Grade: 1 bull and 5 cows. The secret code is 359107.
Turn 54:
> 503719
Grade: 0 bulls and 6 cows. The secret code is 359107.
Turn 55:
> 305719
Grade: 1 bull and 5 cows. The secret code is 359107.
Turn 56:
> 035719
Grade: 0 bulls and 6 cows. The secret code is 359107.
Turn 57:
> 530719
Grade: 0 bulls and 6 cows. The secret code is 359107.
Turn 58:
> 350719
Grade: 2 bulls and 4 cows. The secret code is 359107.
Turn 59:
> 150739
Grade: 1 bull and 5 cows. The secret code is 359107.
Turn 60:
> 510739
Grade: 0 bulls and 6 cows. The secret code is 359107.
Turn 61:
> 015739
Grade: 0 bulls and 6 cows. The secret code is 359107.
Turn 62:
> 105739
Grade: 0 bulls and 6 cows. The secret code is 359107.
Turn 63:
> 501739
Grade: 0 bulls and 6 cows. The secret code is 359107.
Turn 64:
> 051739
Grade: 1 bull and 5 cows. The secret code is 359107.
Turn 65:
> 751039
Grade: 1 bull and 5 cows. The secret code is 359107.
Turn 66:
> 571039
Grade: 0 bulls and 6 cows. The secret code is 359107.
Turn 67:
> 175039
Grade: 0 bulls and 6 cows. The secret code is 359107.
Turn 68:
> 715039
Grade: 0 bulls and 6 cows. The secret code is 359107.
Turn 69:
> 517039
Grade: 0 bulls and 6 cows. The secret code is 359107.
Turn 70:
> 157039
Grade: 1 bull and 5 cows. The secret code is 359107.
Turn 71:
> 107539
Grade: 0 bulls and 6 cows. The secret code is 359107.
Turn 72:
> 017539
Grade: 0 bulls and 6 cows. The secret code is 359107.
Turn 73:
> 710539
Grade: 0 bulls and 6 cows. The secret code is 359107.
Turn 74:
> 170539
Grade: 0 bulls and 6 cows. The secret code is 359107.
Turn 75:
> 071539
Grade: 0 bulls and 6 cows. The secret code is 359107.
Turn 76:
> 701539
Grade: 0 bulls and 6 cows. The secret code is 359107.
Turn 77:
> 705139
Grade: 1 bull and 5 cows. The secret code is 359107.
Turn 78:
> 075139
Grade: 1 bull and 5 cows. The secret code is 359107.
Turn 79:
> 570139
Grade: 1 bull and 5 cows. The secret code is 359107.
Turn 80:
> 750139
Grade: 2 bulls and 4 cows. The secret code is 359107.
Turn 81:
> 057139
Grade: 2 bulls and 4 cows. The secret code is 359107.
Turn 82:
> 507139
Grade: 1 bull and 5 cows. The secret code is 359107.
Turn 83:
> 307159
Grade: 2 bulls and 4 cows. The secret code is 359107.
Turn 84:
> 037159
Grade: 1 bull and 5 cows. The secret code is 359107.
Turn 85:
> 730159
Grade: 1 bull and 5 cows. The secret code is 359107.
Turn 86:
> 370159
Grade: 2 bulls and 4 cows. The secret code is 359107.
Turn 87:
> 073159
Grade: 1 bull and 5 cows. The secret code is 359107.
Turn 88:
> 703159
Grade: 1 bull and 5 cows. The secret code is 359107.
Turn 89:
> 103759
Grade: 0 bulls and 6 cows. The secret code is 359107.
Turn 90:
> 013759
Grade: 0 bulls and 6 cows. The secret code is 359107.
Turn 91:
> 310759
Grade: 1 bull and 5 cows. The secret code is 359107.
Turn 92:
> 130759
Grade: 0 bulls and 6 cows. The secret code is 359107.
Turn 93:
> 031759
Grade: 0 bulls and 6 cows. The secret code is 359107.
Turn 94:
> 301759
Grade: 1 bull and 5 cows. The secret code is 359107.
Turn 95:
> 371059
Grade: 1 bull and 5 cows. The secret code is 359107.
Turn 96:
> 731059
Grade: 0 bulls and 6 cows. The secret code is 359107.
Turn 97:
> 137059
Grade: 0 bulls and 6 cows. The secret code is 359107.
Turn 98:
> 317059
Grade: 1 bull and 5 cows. The secret code is 359107.
Turn 99:
> 713059
Grade: 0 bulls and 6 cows. The secret code is 359107.
Turn 100:
> 173059
Grade: 0 bulls and 6 cows. The secret code is 359107.
Turn 101:
> 170359
Grade: 0 bulls and 6 cows. The secret code is 359107.
Turn 102:
> 710359
Grade: 0 bulls and 6 cows. The secret code is 359107.
Turn 103:
> 017359
Grade: 0 bulls and 6 cows. The secret code is 359107.
Turn 104:
> 107359
Grade: 0 bulls and 6 cows. The secret code is 359107.
Turn 105:
> 701359
Grade: 0 bulls and 6 cows. The secret code is 359107.
Turn 106:
> 071359
Grade: 0 bulls and 6 cows. The secret code is 359107.
Turn 107:
> 571309
Grade: 1 bull and 5 cows. The secret code is 359107.
Turn 108:
> 751309
Grade: 2 bulls and 4 cows. The secret code is 359107.
Turn 109:
> 157309
Grade: 2 bulls and 4 cows. The secret code is 359107.
Turn 110:
> 517309
Grade: 1 bull and 5 cows. The secret code is 359107.
Turn 111:
> 715309
Grade: 1 bull and 5 cows. The secret code is 359107.
Turn 112:
> 175309
Grade: 1 bull and 5 cows. The secret code is 359107.
Turn 113:
> 375109
Grade: 3 bulls and 3 cows. The secret code is 359107.
Turn 114:
> 735109
Grade: 2 bulls and 4 cows. The secret code is 359107.
Turn 115:
> 537109
Grade: 2 bulls and 4 cows. The secret code is 359107.
Turn 116:
> 357109
Grade: 4 bulls and 2 cows. The secret code is 359107.
Turn 117:
> 753109
Grade: 3 bulls and 3 cows. The secret code is 359107.
Turn 118:
> 573109
Grade: 2 bulls and 4 cows. The secret code is 359107.
Turn 119:
> 513709
Grade: 1 bull and 5 cows. The secret code is 359107.
Turn 120:
> 153709
Grade: 2 bulls and 4 cows. The secret code is 359107.
Turn 121:
> 351709
Grade: 3 bulls and 3 cows. The secret code is 359107.
Turn 122:
> 531709
Grade: 1 bull and 5 cows. The secret code is 359107.
Turn 123:
> 135709
Grade: 1 bull and 5 cows. The secret code is 359107.
Turn 124:
> 315709
Grade: 2 bulls and 4 cows. The secret code is 359107.
Turn 125:
> 317509
Grade: 2 bulls and 4 cows. The secret code is 359107.
Turn 126:
> 137509
Grade: 1 bull and 5 cows. The secret code is 359107.
Turn 127:
> 731509
Grade: 1 bull and 5 cows. The secret code is 359107.
Turn 128:
> 371509
Grade: 2 bulls and 4 cows. The secret code is 359107.
Turn 129:
> 173509
Grade: 1 bull and 5 cows. The secret code is 359107.
Turn 130:
> 713509
Grade: 1 bull and 5 cows. The secret code is 359107.
Turn 131:
> 913507
Grade: 2 bulls and 4 cows. The secret code is 359107.
Turn 132:
> 193507
Grade: 2 bulls and 4 cows. The secret code is 359107.
Turn 133:
> 391507
Grade: 3 bulls and 3 cows. The secret code is 359107.
Turn 134:
> 931507
Grade: 2 bulls and 4 cows. The secret code is 359107.
Turn 135:
> 139507
Grade: 3 bulls and 3 cows. The secret code is 359107.
Turn 136:
> 319507
Grade: 4 bulls and 2 cows. The secret code is 359107.
Turn 137:
> 519307
Grade: 3 bulls and 3 cows. The secret code is 359107.
Turn 138:
> 159307
Grade: 4 bulls and 2 cows. The secret code is 359107.
Turn 139:
> 951307
Grade: 3 bulls and 3 cows. The secret code is 359107.
Turn 140:
> 591307
Grade: 2 bulls and 4 cows. The secret code is 359107.
Turn 141:
> 195307
Grade: 2 bulls and 4 cows. The secret code is 359107.
Turn 142:
> 915307
Grade: 2 bulls and 4 cows. The secret code is 359107.
Turn 143:
> 935107
Grade: 3 bulls and 3 cows. The secret code is 359107.
Turn 144:
> 395107
Grade: 4 bulls and 2 cows. The secret code is 359107.
Turn 145:
> 593107
Grade: 3 bulls and 3 cows. The secret code is 359107.
Turn 146:
> 953107
Grade: 4 bulls and 2 cows. The secret code is 359107.
Turn 147:
> 359107
Grade: 6 bulls and 0 cows. The secret code is 359107.
Congratulations! You guessed the secret code.
?[1;31m
Start test 4?[0m
Please, enter the secret code's length:
> 11
Okay, let's start a game!
Turn 1:
]]></system-out>
  <system-err><![CDATA[]]></system-err>
</testsuite>
